|SourceProjectName:SmartShip V1.1 Single Sourced Project.hpr
|DestinationProjectName:index.htm
index_hha.hhk
index.hhc
index.hhk
Accessing_Live_Stream_Videos_of_Assets.htm
Accessing_Vessel_View.htm
Acknoledge_and_Analyze_Alerts_from_Vessel_View.htm
Acknowledge_and_Analyze_Alerts_from_Alert_Area.htm
Add_Alert_Conditions.htm
Alert_Area.htm
Alert_Card.htm
Alert_Management.htm
Alert_Subscription.htm
Alerts_from_Vessel_View.htm
Analyze_Alerts.htm
Apps_from_Vessel_View.htm
Apps_in_Vessel_View.htm
Case_Management.htm
Case_Management_Overview.htm
Case_Notifications.htm
Change_Profile_Settings.htm
Company_Card.htm
Copy_Alert.htm
Create_a_Report.htm
Create_an_Alert.htm
Create_an_RMD.htm
Create_and_Edit_Case.htm
Create_Role.htm
Create_User.htm
Deck___Engine_Report.htm
Deck_and_Engine_Log_Book.htm
Delete_Alert.htm
Delete_Report.htm
Delete_Role.htm
Delete_User.htm
ECA_Alert.htm
ECA_SECA_Summary_Report.htm
Edit_a_Report.htm
Edit_an_Alert.htm
Edit_Role.htm
Edit_User.htm
Export_Report.htm
Features_of_SMARTShip_Dashboard.htm
Home.htm
Login_and_Access.htm
Logout.htm
Map_Area.htm
My_Profile.htm
Noon_Report.htm
Overview.htm
Report_Configuration.htm
Report_Subscription.htm
Report_Types.htm
Reports.htm
Reports_Overview.htm
Reset_Password.htm
RMD_Overview.htm
Role_Management.htm
Role_Mapping.htm
Search.htm
Search_Alerts.htm
Settings.htm
SmartShip_Dashboard.htm
Subscribe_Reports.htm
Tabs_in_Alert_Area.htm
User_Management.htm
Various_features_of_Vessel_View.htm
Various_Types_of_Map_View.htm
Vessel_Card_Area.htm
Vessel_Report.htm
Vessel_View.htm
View_and_Engage_Case.htm
View_and_Export_Reports.htm
View_Assets_from_Vessel_View.htm
template\Charcoal_Grey\usersettings.js
template\Azure_Blue\usersettings.js
template\Fancy\usersettings.js
template\Sample\usersettings.js
index.glo
SmartShip_StyleSheet.css
template\Charcoal_Grey\layout-rtl.css
template\Charcoal_Grey\layout.css
template\Azure_Blue\layout-rtl.css
template\Azure_Blue\layout.css
template\Desktop_Layout_2013-02-03\screen.css
template\Desktop_Social\Layout.css
template\Fancy\layout-rtl.css
template\Fancy\layout.css
template\Desktop_Social1\Layout.css
template\Desktop_Social2\Layout.css
template\Desktop_Knowledge\Layout.css
template\Sample\layout-rtl.css
template\Sample\layout.css
template\Desktop_Layout_2013-02-031\screen.css
template\Desktop_Layout_2013-02-032\screen.css
template\Desktop_Layout_2013-02-032\TOCTreeCloseBookSelected.png
template\Desktop_Layout_2013-02-032\TOCTreeCloseBookHover.png
template\Desktop_Layout_2013-02-032\TOCTreeCloseBook.png
template\Desktop_Layout_2013-02-032\bullet_Release.png
template\Desktop_Layout_2013-02-031\TOCTreeCloseBookSelected.png
template\Desktop_Layout_2013-02-031\TOCTreeCloseBookHover.png
template\Desktop_Layout_2013-02-031\TOCTreeCloseBook.png
template\Desktop_Layout_2013-02-031\bullet_Release.png
template\Sample\preview\toc-mobile.png
navigation_system.png
navigational_icon.PNG
template\Desktop_Knowledge\TOCTreeCloseBook.png
template\Desktop_Knowledge\TOCTreeCloseBookHover.png
template\Fancy\andsearch_nomark.png
template\Fancy\toc_book_open_drildown.png
template\Fancy\preview\filter-mobile.png
template\Fancy\preview\search-mobile.png
template\Azure_Blue\social_close_ltr.png
template\Azure_Blue\social_close_rtl.png
template\Charcoal_Grey\search_desktop_active.png
template\Charcoal_Grey\toc_desktop.png
template\Charcoal_Grey\search_mobile_active.png
template\Charcoal_Grey\next_mobile_active.png
template\Desktop_Layout_2013-02-032\Search.png
template\Desktop_Layout_2013-02-032\searchNext.png
template\Desktop_Layout_2013-02-032\SearchBack.png
template\Desktop_Layout_2013-02-031\Search.png
template\Desktop_Layout_2013-02-031\searchNext.png
template\Desktop_Layout_2013-02-031\SearchBack.png
template\Sample\search_mobile_active.png
template\Sample\next_mobile.png
template\Sample\filter_mobile_applied.png
vessel_card_in_vessel_view.PNG
template\Fancy\index_mobile.png
template\Fancy\preview\functionbar-mobile.png
template\Desktop_Social\RibbonLeft.png
template\Desktop_Social\BackgroundMenubar.png
template\Desktop_Layout_2013-02-03\BSBack.png
template\Desktop_Layout_2013-02-03\TOCTreeLink.png
template\Desktop_Layout_2013-02-03\TOCTreePage.png
template\Desktop_Layout_2013-02-03\Search.png
template\Desktop_Layout_2013-02-03\TOCTreeOpenBook.png
template\Desktop_Layout_2013-02-03\searchNextHover.png
template\Desktop_Layout_2013-02-03\searchNext.png
template\Desktop_Layout_2013-02-03\SearchBackHover.png
template\Desktop_Layout_2013-02-03\SearchBack.png
template\Charcoal_Grey\next_active.png
template\Charcoal_Grey\search_tab.png
template\Charcoal_Grey\filter_tab.png
template\Charcoal_Grey\search_tab_active.png
template\Charcoal_Grey\filter_tab_active.png
template\Charcoal_Grey\preview\index-mobile.png
template\Charcoal_Grey\preview\functionbar-mobile.png
template\Charcoal_Grey\preview\functionbar-tablet.png
template\Charcoal_Grey\preview\functionbar-desktop.png
delete_user.png
alert_category.png
case_alert.png
template\Sample\social_open.png
vessell_report.png
ack_by_user.png
high_alerts.png
arrow_button.png
map.png
weekly_frequency.png
delete_alert.png
operator_drag_drop.png
profile_menu.png
case_filter.PNG
case_success.png
eca_report.PNG
deck_and_engine.PNG
air_compressor.PNG
template\Desktop_Social2\BSBack.png
vessel_view.PNG
template\Desktop_Social1\BSBack.png
template\Desktop_Social1\TOCTreeOpenBookHover.png
template\Fancy\toc_link_desktop_ltr.png
template\Fancy\toc_link_desktop_rtl.png
template\Fancy\preview\toc-desktop.png
profile_details.PNG
edit_alert.PNG
template\Azure_Blue\slider_ltr.png
template\Azure_Blue\slider_rtl.png
template\Azure_Blue\andsearch_mark.png
template\Azure_Blue\toc_topic_mobile.png
my_profile.PNG
template\Charcoal_Grey\search_desktop_navigation.png
template\Charcoal_Grey\filter_desktop.png
template\Charcoal_Grey\search_desktop.png
template\Desktop_Layout_2013-02-032\BSBack.png
template\Desktop_Layout_2013-02-031\BSBack.png
template\Sample\previous.png
template\Sample\previous_tab.png
template\Sample\toc_mobile.png
template\Sample\idx_topic.png
alert_condition_-_sensor_select.png
create_case_box_from_alert.PNG
vessel_marker_for_vessel_view.png
template\Fancy\back_mobile_ltr.png
template\Fancy\back_mobile_rtl.png
template\Fancy\next_mobile.png
template\Fancy\preview\glossary.png
logout.PNG
reset_confirm.png
template\Azure_Blue\top.png
template\Azure_Blue\filter_desktop_applied.png
template\Azure_Blue\toc_tab.png
template\Azure_Blue\index_mobile.png
template\Azure_Blue\toc_mobile.png
template\Azure_Blue\logo.png
template\Azure_Blue\loading.gif
template\Azure_Blue\preview\filter.png
enlarge_button.PNG
template\Charcoal_Grey\print_desktop.png
template\Charcoal_Grey\index_desktop.png
template\Charcoal_Grey\toc_book_open_drildown.png
template\Charcoal_Grey\preview\index-desktop.png
eca_configuration.png
template\Desktop_Layout_2013-02-032\bullet_whatsnew.png
template\Desktop_Layout_2013-02-031\bullet_whatsnew.png
template\Sample\print_desktop.png
template\Sample\index_desktop.png
template\Sample\index_tab.png
template\Sample\index_mobile.png
template\Sample\loading.gif
deck_and_engine_details.png
vessel_alert_list.png
edit_profile_details.png
SMARTShip_dashboard.png
case_category.png
vessel_alert_area.PNG
template\Fancy\slider_open_ltr.png
template\Fancy\slider_ltr.png
template\Fancy\slider_open_rtl.png
template\Fancy\slider_rtl.png
template\Fancy\search_desktop_navigation.png
template\Fancy\filter_desktop.png
template\Fancy\search_tab.png
template\Fancy\filter_tab.png
template\Fancy\search_mobile.png
template\Fancy\filter_mobile.png
template\Fancy\social_open.png
template\Fancy\filter_mark.png
template\Fancy\filter_nomark.png
template\Fancy\toc_book_open_desktop.png
template\Fancy\filter_clearall.png
template\Fancy\toc_topic_mobile.png
template\Fancy\search_desktop.png
template\Fancy\preview\toc-mobile.png
category_multiple_selection.PNG
User_Management_create.PNG
user_management.PNG
role_management.PNG
template\Azure_Blue\toc_link_mobile_ltr.png
template\Azure_Blue\search_desktop_active.png
template\Azure_Blue\index_tab.png
template\Azure_Blue\glossary_mobile.png
template\Azure_Blue\previous_mobile.png
template\Azure_Blue\toc_link_mobile_rtl.png
template\Azure_Blue\preview\glossary.png
template\Charcoal_Grey\filter_mobile_applied_active.png
template\Charcoal_Grey\previous_mobile_active.png
template\Desktop_Layout_2013-02-032\TOCTreeLinkHover.png
template\Desktop_Layout_2013-02-032\TOCTreePageHover.png
template\Desktop_Layout_2013-02-032\TOCTreeOpenBookHover.png
template\Desktop_Layout_2013-02-032\TOCTreeOpenBook.png
template\Desktop_Layout_2013-02-031\TOCTreeLinkHover.png
template\Desktop_Layout_2013-02-031\TOCTreePageHover.png
template\Desktop_Layout_2013-02-031\TOCTreeOpenBookHover.png
template\Desktop_Layout_2013-02-031\TOCTreeOpenBook.png
template\Sample\social_close_ltr.png
template\Sample\toc_link_mobile_ltr.png
template\Sample\next_active.png
template\Sample\previous_active.png
template\Sample\search_desktop_navigation.png
template\Sample\glossary_tab.png
template\Sample\toc_tab.png
template\Sample\next_tab_active.png
template\Sample\glossary_mobile.png
template\Sample\next_mobile_active.png
template\Sample\previous_mobile_active.png
template\Sample\previous_mobile.png
template\Sample\social_close_rtl.png
template\Sample\andsearch_mark.png
template\Sample\toc_topic_desktop.png
template\Sample\toc_link_mobile_rtl.png
template\Sample\preview\functionbar-tablet.png
template\Sample\preview\content.png
template\Sample\preview\user-settings.png
report_template_drop-down.png
report_configuration_list.png
template\Desktop_Knowledge\TOCTreeLinkHover.png
template\Desktop_Knowledge\TOCTreePageHover.png
template\Desktop_Knowledge\TOCTreeOpenBook.png
template\Desktop_Knowledge\TOCTreeOpenBookHover.png
template\Desktop_Social2\Print.png
template\Desktop_Social2\TOCTreeCloseBook.png
template\Desktop_Social2\TOCTreeCloseBookSelected.png
template\Desktop_Social2\TOCTreeCloseBookHover.png
template\Desktop_Social2\Search.png
template\Desktop_Social2\searchNextHover.png
template\Desktop_Social2\searchNext.png
template\Desktop_Social2\searchPrevHover.png
template\Desktop_Social2\searchPrev.png
template\Desktop_Social1\Print.png
template\Desktop_Social1\TOCTreeLinkSelected.png
template\Desktop_Social1\TOCTreeLinkHover.png
template\Desktop_Social1\TOCTreePageSelected.png
template\Desktop_Social1\TOCTreePageHover.png
template\Desktop_Social1\Search.png
template\Desktop_Social1\searchNextHover.png
template\Desktop_Social1\searchNext.png
template\Desktop_Social1\searchPrevHover.png
template\Desktop_Social1\searchPrev.png
template\Fancy\filter_desktop_applied.png
template\Fancy\next_tab_active.png
template\Fancy\next_tab.png
template\Fancy\filter_nomark_radio.png
template\Fancy\idx_topic.png
template\Fancy\preview\layout-media-queries.png
template\Desktop_Social\Print.png
template\Desktop_Social\BSNext.png
template\Desktop_Social\BSBack.png
template\Desktop_Social\Search.png
template\Desktop_Layout_2013-02-03\TOCTreeCloseBookSelected.png
template\Desktop_Layout_2013-02-03\TOCTreeOpenBookHover.png
template\Desktop_Layout_2013-02-03\TOCTreeCloseBookHover.png
template\Desktop_Layout_2013-02-03\TOCTreeCloseBook.png
template\Desktop_Layout_2013-02-03\header_background.png
template\Azure_Blue\slider_open_ltr.png
template\Azure_Blue\slider_open_rtl.png
template\Azure_Blue\andsearch_nomark.png
template\Azure_Blue\social_open.png
template\Azure_Blue\preview\content.png
template\Azure_Blue\preview\user-settings.png
note.png
template\Charcoal_Grey\glossary_mobile_active.png
video_area_2.png
video_area.png
save_ECA.png
report_subscription_window.png
report_subscription.png
template\Desktop_Layout_2013-02-032\menu_selected.png
template\Desktop_Layout_2013-02-031\menu_selected.png
template\Sample\filter_mark_radio.png
template\Sample\toc_book_open_desktop.png
template\Sample\toc_book_open_drildown.png
template\Sample\toc_book_closed_desktop.png
template\Sample\toc_book_closed_mobile.png
alert_area.png
create_report.png
number_drag_drop.png
sensor_drag_drop.png
systems_drop-down.png
alert_management.png
create_case_button.PNG
severity.png
print.PNG
Apps.PNG
assets.PNG
add.PNG
template\Fancy\glossary_desktop.png
template\Fancy\toc_desktop.png
template\Fancy\social_close_rtl.png
template\Desktop_Layout_2013-02-03\TOCTreeLinkSelected.png
template\Desktop_Layout_2013-02-03\TOCTreePageSelected.png
template\Desktop_Layout_2013-02-03\contentholder_background.png
role_error_message.png
template\Azure_Blue\search_desktop_navigation.png
template\Azure_Blue\search_mobile_active.png
template\Azure_Blue\search_mobile.png
template\Azure_Blue\filter_mobile.png
carousel.PNG
company_card.PNG
example_for_alerts2.PNG
alert_subscription.png
template\Desktop_Layout_2013-02-032\BSNext.png
template\Desktop_Layout_2013-02-032\TOCTreeLink.png
template\Desktop_Layout_2013-02-032\TOCTreePage.png
template\Desktop_Layout_2013-02-032\TOCTreeOpenBookHoverSelected.png
template\Desktop_Layout_2013-02-032\bg.png
template\Desktop_Layout_2013-02-031\BSNext.png
template\Desktop_Layout_2013-02-031\TOCTreeLink.png
template\Desktop_Layout_2013-02-031\TOCTreePage.png
template\Desktop_Layout_2013-02-031\TOCTreeOpenBookHoverSelected.png
template\Desktop_Layout_2013-02-031\bg.png
template\Sample\slider_ltr.png
template\Sample\slider_rtl.png
template\Sample\filter_desktop.png
template\Sample\filter_tab.png
template\Sample\filter_mobile.png
template\Sample\filter_mark.png
template\Sample\filter_nomark.png
SNDP.png
notifications_icon.PNG
template\Desktop_Social2\TOCTreeOpenBookHoverSelected.png
template\Desktop_Social1\TOCTreeOpenBookHoverSelected.png
template\Fancy\next_active.png
template\Fancy\glossary_tab.png
template\Fancy\glossary_mobile.png
template\Fancy\next_mobile_active.png
template\Fancy\filter_mobile_applied.png
template\Fancy\andsearch_mark.png
template\Desktop_Social\MenuHover.png
template\Desktop_Layout_2013-02-03\TOCTreeOpenBookHoverSelected.png
template\Desktop_Layout_2013-02-03\Print.png
template\Desktop_Layout_2013-02-03\bullet_Release.png
template\Desktop_Layout_2013-02-03\bullet_whatsnew.png
template\Desktop_Layout_2013-02-03\bg.png
template\Azure_Blue\previous.png
template\Azure_Blue\filter_tab_applied.png
template\Azure_Blue\previous_mobile_active.png
template\Azure_Blue\preview\sidebar-mobile.png
Alerts_in_display_pane.PNG
template\Charcoal_Grey\toc_book_closed_desktop_ltr.png
template\Charcoal_Grey\slider_rtl.png
template\Charcoal_Grey\filter_desktop_applied.png
template\Charcoal_Grey\index_tab.png
template\Charcoal_Grey\index_tab_active.png
template\Charcoal_Grey\filter_mobile_applied.png
template\Charcoal_Grey\toc_book_closed_desktop_rtl.png
template\Charcoal_Grey\preview\social.png
template\Charcoal_Grey\preview\filter.png
template\Charcoal_Grey\preview\toc.png
template\Charcoal_Grey\preview\search.png
template\Charcoal_Grey\preview\sidebar-desktop.png
template\Charcoal_Grey\preview\content.png
template\Charcoal_Grey\preview\header.png
report_configuration_select.png
template\Sample\search_desktop_active.png
template\Sample\filter_desktop_applied.png
template\Sample\preview\functionbar-desktop.png
case_priority.png
RMD.png
hull_and_cargo.png
expanded_alert_area.png
close_alert.png
alert_acknowledge.png
vessel_carousel.png
search_field_in_dashboard.png
alert_conditon_area.png
case_search.PNG
edit_caser.PNG
air_cooler.png
vessel_card.PNG
template\Fancy\previous_active.png
template\Fancy\previous.png
template\Fancy\toc_tab.png
template\Fancy\previous_tab.png
template\Fancy\toc_mobile.png
template\Fancy\previous_mobile.png
template\Desktop_Social\TOCTreeCloseBookSelected.png
template\Desktop_Social\TOCTreeCloseBookHover.png
password_reset.PNG
criticality_dropdown.PNG
vessel_error.png
template\Azure_Blue\filter_desktop.png
template\Azure_Blue\filter_mobile_applied.png
template\Azure_Blue\search_mobile_navigation.png
template\Azure_Blue\filter_mark_radio.png
template\Azure_Blue\filter_mark.png
template\Azure_Blue\search_desktop.png
profile_icon.PNG
template\Charcoal_Grey\previous_active.png
template\Charcoal_Grey\previous.png
template\Charcoal_Grey\next_tab_active.png
template\Charcoal_Grey\next_tab.png
template\Charcoal_Grey\previous_tab.png
template\Charcoal_Grey\next_mobile.png
template\Charcoal_Grey\previous_mobile.png
template\Charcoal_Grey\toc_link_mobile_rtl.png
template\Charcoal_Grey\preview\search-desktop.png
template\Charcoal_Grey\preview\sidebar-tablet.png
template\Charcoal_Grey\preview\mobile_header.png
template\Charcoal_Grey\preview\user-settings.png
template\Sample\toc_desktop.png
template\Sample\next_tab.png
template\Sample\preview\social.png
template\Sample\preview\filter-mobile.png
template\Sample\preview\filter.png
template\Sample\preview\index.png
template\Sample\preview\search-mobile.png
template\Sample\preview\search.png
template\Sample\preview\header.png
sensor_select.png
RMD_Subsystems.png
alert_analyze.png
create_case.png
green_ball.png
dashboard_view.png
create_role.png
assign_vessel_3.png
assign_vessel_2.png
assign_vessel.png
frequency_daily.png
create_an_alert.png
SMARTShip_login.png
template\Desktop_Knowledge\BSNext.png
template\Desktop_Knowledge\TOCTreeLink.png
template\Desktop_Knowledge\TOCTreePage.png
template\Desktop_Knowledge\home_default.png
template\Desktop_Knowledge\sidebar_bg.png
template\Desktop_Social2\BSNext.png
template\Desktop_Social2\TOCTreeLink.png
template\Desktop_Social2\TOCTreePage.png
template\Desktop_Social2\TOCTreeOpenBook.png
template\Desktop_Social2\TOCTreeOpenBookHover.png
condition_set.PNG
search_vessel.PNG
template\Desktop_Social1\BSNext.png
template\Desktop_Social1\TOCTreeLink.png
template\Desktop_Social1\TOCTreePage.png
template\Desktop_Social1\TOCTreeOpenBook.png
template\Fancy\social_close_ltr.png
template\Fancy\index_tab.png
template\Fancy\previous_tab_active.png
template\Fancy\search_mobile_active.png
template\Fancy\preview\user-settings.png
template\Desktop_Social\TOCTreeLink.png
template\Desktop_Social\TOCTreeLinkHover.png
template\Desktop_Social\TOCTreePage.png
template\Desktop_Social\TOCTreePageHover.png
template\Desktop_Social\TOCTreeOpenBook.png
template\Desktop_Social\TOCTreeOpenBookHover.png
template\Desktop_Social\TOCTreeCloseBook.png
template\Desktop_Social\home_default.png
my_fleets_view.PNG
multiple_systems.PNG
search_filters.PNG
report_delete.PNG
alert_type_drop-down.PNG
template\Azure_Blue\next.png
template\Azure_Blue\search_tab.png
template\Azure_Blue\next_tab.png
template\Azure_Blue\menu.png
template\Azure_Blue\preview\sidebar-desktop.png
unhide_my_fleets.png
template\Charcoal_Grey\social_close_ltr.png
template\Charcoal_Grey\andsearch_mark.png
template\Charcoal_Grey\index_mobile_active.png
template\Charcoal_Grey\social_close_rtl.png
template\Charcoal_Grey\andsearch_nomark.png
template\Charcoal_Grey\toc_book_open_desktop.png
template\Charcoal_Grey\toc_book_open_mobile.png
template\Charcoal_Grey\filter_clearall.png
eca_1.png
edit_report_configuration.png
template\Sample\preview\functionbar-mobile.png
cases_from_vessel_view.png
RMD_Systems.png
vessel_name_drop-down_alert.png
template\Desktop_Social2\home_default.png
template\Desktop_Social1\home_default.png
template\Fancy\print_desktop.png
template\Fancy\index_desktop.png
template\Fancy\preview\social.png
template\Fancy\preview\filter.png
template\Fancy\preview\index.png
template\Fancy\preview\search.png
template\Fancy\preview\content.png
template\Fancy\preview\header.png
pw_confirmation.PNG
template\Azure_Blue\back_mobile_ltr.png
template\Azure_Blue\toc_link_desktop_ltr.png
template\Azure_Blue\next_active.png
template\Azure_Blue\glossary_desktop.png
template\Azure_Blue\back_mobile_rtl.png
template\Azure_Blue\back_mobile_filter.png
template\Azure_Blue\next_mobile_active.png
template\Azure_Blue\next_mobile.png
template\Azure_Blue\idx_topic.png
template\Azure_Blue\toc_link_desktop_rtl.png
template\Azure_Blue\toc_book_closed_desktop.png
template\Azure_Blue\preview\filter-mobile.png
template\Azure_Blue\preview\search-mobile.png
template\Azure_Blue\preview\sidebar-tablet.png
example_for_alerts.PNG
settings_menu.PNG
template\Charcoal_Grey\slider_ltr.png
template\Charcoal_Grey\toc_tab_active.png
template\Charcoal_Grey\back_to_topic.png
template\Charcoal_Grey\filter_nomark_radio.png
monitor.png
template\Sample\toc_link_desktop_ltr.png
template\Sample\glossary_desktop.png
template\Sample\toc_link_desktop_rtl.png
vessel_report_details.png
apps_engine_room.png
enlargw.png
reset_icon.png
copy_to.png
delete.png
ECA_instance.PNG
history.PNG
template\Desktop_Knowledge\Search.png
template\Desktop_Knowledge\searchNext.png
template\Desktop_Knowledge\searchPrev.png
template\Desktop_Social2\TOCTreeLinkSelected.png
template\Desktop_Social2\TOCTreeLinkHover.png
template\Desktop_Social2\TOCTreePageSelected.png
template\Desktop_Social2\TOCTreePageHover.png
template\Fancy\search_desktop_active.png
template\Fancy\search_mobile_navigation.png
template\Fancy\toc_book_open_mobile.png
template\Fancy\toc_topic_desktop.png
template\Fancy\loading.gif
template\Fancy\preview\functionbar-tablet.png
template\Fancy\preview\functionbar-desktop.png
template\Desktop_Social\RibbonRight.png
template\Desktop_Social\RibbonRepeater.png
template\Desktop_Social\sidebarsplitter.png
template\Azure_Blue\toc_topic_desktop.png
template\Azure_Blue\preview\index.png
template\Charcoal_Grey\toc_link_desktop_ltr.png
template\Charcoal_Grey\filter_tab_applied.png
template\Charcoal_Grey\filter_tab_applied_active.png
template\Charcoal_Grey\filter_mobile.png
template\Charcoal_Grey\filter_mobile_active.png
template\Charcoal_Grey\search_mobile.png
template\Charcoal_Grey\filter_mark_radio.png
template\Charcoal_Grey\filter_mark.png
template\Charcoal_Grey\toc_link_desktop_rtl.png
template\Desktop_Layout_2013-02-032\searchNextHover.png
template\Desktop_Layout_2013-02-032\SearchBackHover.png
template\Desktop_Layout_2013-02-031\searchNextHover.png
template\Desktop_Layout_2013-02-031\SearchBackHover.png
template\Sample\top.png
template\Sample\next.png
template\Sample\search_mobile_navigation.png
template\Sample\menu.png
template\Sample\logo.png
home_window.png
role_vessel_select.png
alert_priority.png
engine_room.PNG
engine_icon.PNG
vessel_drop.png
template\Desktop_Social1\BackgroundMenubar.png
template\Fancy\back_mobile_filter.png
template\Fancy\previous_mobile_active.png
template\Desktop_Layout_2013-02-03\BSNext.png
template\Desktop_Layout_2013-02-03\TOCTreeLinkHover.png
template\Desktop_Layout_2013-02-03\TOCTreePageHover.png
unread_icon.PNG
system_dropdown.PNG
template\Azure_Blue\print_desktop.png
template\Azure_Blue\index_desktop.png
template\Azure_Blue\toc_book_closed_mobile.png
vessel.png
template\Charcoal_Grey\previous_tab_active.png
template\Charcoal_Grey\back_mobile_filter.png
template\Charcoal_Grey\filter_nomark.png
template\Charcoal_Grey\preview\glossary-mobile.png
template\Charcoal_Grey\preview\glossary-desktop.png
template\Charcoal_Grey\preview\layout-media-queries.png
template\Sample\toc_book_open_mobile.png
case_conversation.png
alert_with_ack.png
alert_criticality_dial.png
template\Desktop_Knowledge\BSBack.png
template\Desktop_Social2\sidebarsplitter.png
template\Desktop_Social1\sidebarsplitter.png
template\Fancy\filter_tab_applied.png
template\Fancy\filter_mark_radio.png
template\Fancy\preview\sidebar-mobile.png
template\Fancy\preview\sidebar-tablet.png
template\Fancy\preview\sidebar-desktop.png
template\Desktop_Social\searchPrevHover.png
template\Desktop_Social\searchPrev.png
filter.PNG
template\Charcoal_Grey\slider_open_ltr.png
template\Charcoal_Grey\top.png
template\Charcoal_Grey\next.png
template\Charcoal_Grey\slider_open_rtl.png
template\Charcoal_Grey\toc_tab.png
template\Charcoal_Grey\glossary_tab_active.png
template\Charcoal_Grey\index_mobile.png
template\Charcoal_Grey\search_mobile_navigation_active.png
template\Charcoal_Grey\social_open.png
template\Charcoal_Grey\logo.png
template\Charcoal_Grey\loading.gif
template\Sample\slider_open_rtl.png
template\Sample\filter_tab_applied.png
template\Sample\back_mobile_rtl.png
template\Sample\back_mobile_filter.png
template\Sample\filter_clearall.png
template\Sample\toc_topic_mobile.png
template\Sample\preview\layout-media-queries.png
subscription.png
edit_profile1.png
hull_and_cargo_icon.PNG
template\Desktop_Knowledge\TOCTreeOpenBookHoverSelected.png
template\Desktop_Knowledge\TOCTreeCloseBookSelected.png
template\Desktop_Knowledge\searchNextHover.png
template\Desktop_Knowledge\searchPrevHover.png
analyze_view.PNG
template\Fancy\toc_link_mobile_ltr.png
template\Fancy\toc_book_closed_desktop.png
template\Fancy\toc_link_mobile_rtl.png
template\Fancy\toc_book_closed_mobile.png
weather_view.PNG
template\Azure_Blue\filter_tab.png
template\Azure_Blue\glossary_tab.png
template\Azure_Blue\previous_tab_active.png
template\Azure_Blue\previous_tab.png
template\Azure_Blue\filter_nomark_radio.png
template\Azure_Blue\filter_nomark.png
template\Azure_Blue\toc_book_open_desktop.png
template\Azure_Blue\toc_book_open_drildown.png
template\Azure_Blue\filter_clearall.png
template\Azure_Blue\preview\search.png
template\Azure_Blue\preview\header.png
company_filter.png
settings_icon.PNG
template\Charcoal_Grey\glossary_desktop.png
template\Charcoal_Grey\glossary_tab.png
template\Charcoal_Grey\glossary_mobile.png
template\Charcoal_Grey\preview\filter-mobile.png
ECA_alert.png
template\Desktop_Layout_2013-02-032\Print.png
template\Desktop_Layout_2013-02-031\Print.png
template\Sample\search_tab.png
template\Sample\search_mobile.png
template\Sample\search_desktop.png
template\Sample\preview\toc-desktop.png
RMD_graph.png
nav_panel.png
grey_ball.png
apps_menu.PNG
tick_mark.PNG
no_history_found.png
color_coded_dials_for_vessel_view_.PNG
template\Desktop_Social2\MenuHover.png
template\Desktop_Social1\TOCTreeCloseBook.png
template\Desktop_Social1\TOCTreeCloseBookSelected.png
template\Desktop_Social1\TOCTreeCloseBookHover.png
template\Desktop_Social1\MenuHover.png
template\Desktop_Social\TOCTreeOpenBookHoverSelected.png
template\Desktop_Layout_2013-02-03\menu_selected.png
list_view.PNG
show_less.PNG
show_more.PNG
read_icon.PNG
edit_user.PNG
edit_role.PNG
template\Azure_Blue\preview\functionbar-mobile.png
template\Azure_Blue\preview\functionbar-tablet.png
template\Azure_Blue\preview\functionbar-desktop.png
my_fleets.png
template\Charcoal_Grey\toc_link_mobile_ltr.png
template\Charcoal_Grey\search_mobile_navigation.png
template\Charcoal_Grey\toc_mobile.png
template\Charcoal_Grey\toc_mobile_active.png
template\Charcoal_Grey\idx_topic.png
template\Charcoal_Grey\toc_topic_desktop.png
template\Charcoal_Grey\toc_topic_mobile.png
template\Charcoal_Grey\preview\toc-mobile.png
template\Desktop_Layout_2013-02-032\TOCTreeLinkSelected.png
template\Desktop_Layout_2013-02-032\TOCTreePageSelected.png
template\Desktop_Layout_2013-02-032\contentholder_background.png
template\Desktop_Layout_2013-02-032\header_background.png
template\Desktop_Layout_2013-02-031\TOCTreeLinkSelected.png
template\Desktop_Layout_2013-02-031\TOCTreePageSelected.png
template\Desktop_Layout_2013-02-031\contentholder_background.png
template\Desktop_Layout_2013-02-031\header_background.png
template\Sample\slider_open_ltr.png
template\Sample\back_mobile_ltr.png
template\Sample\previous_tab_active.png
template\Sample\andsearch_nomark.png
template\Sample\filter_nomark_radio.png
template\Sample\preview\glossary.png
template\Sample\preview\sidebar-mobile.png
template\Sample\preview\sidebar-tablet.png
template\Sample\preview\sidebar-desktop.png
home.png
edit_case_pop-up_box.PNG
template\Desktop_Knowledge\Print.png
template\Desktop_Knowledge\TOCTreeLinkSelected.png
template\Desktop_Knowledge\TOCTreePageSelected.png
template\Desktop_Social2\RibbonRight.png
template\Desktop_Social2\RibbonLeft.png
template\Desktop_Social2\RibbonRepeater.png
template\Desktop_Social2\BackgroundMenubar.png
template\Desktop_Social1\RibbonRight.png
template\Desktop_Social1\RibbonLeft.png
template\Desktop_Social1\RibbonRepeater.png
template\Fancy\top.png
template\Fancy\next.png
template\Fancy\menu.png
template\Fancy\logo.png
template\Desktop_Social\TOCTreeLinkSelected.png
template\Desktop_Social\TOCTreePageSelected.png
template\Desktop_Social\searchNextHover.png
template\Desktop_Social\searchNext.png
search_using_alert_category.PNG
report_delete_success.png
template\Azure_Blue\previous_active.png
template\Azure_Blue\toc_desktop.png
template\Azure_Blue\next_tab_active.png
template\Azure_Blue\toc_book_open_mobile.png
template\Azure_Blue\preview\social.png
template\Azure_Blue\preview\toc-mobile.png
template\Azure_Blue\preview\toc-desktop.png
template\Azure_Blue\preview\layout-media-queries.png
template\Charcoal_Grey\toc_book_closed_mobile_ltr.png
template\Charcoal_Grey\toc_book_closed_mobile_rtl.png
template\Charcoal_Grey\preview\sidebar-mobile.png
RoboHHRE.lng
ehlpdhtm.js
index.ppf
SearchOptions.xml
whxdata\toc2.js
whxdata\toc2.new.js
whxdata\toc1.js
whxdata\toc1.new.js
whxdata\toc4.js
whxdata\toc4.new.js
whxdata\toc5.js
whxdata\toc5.new.js
whxdata\toc6.js
whxdata\toc6.new.js
whxdata\toc7.js
whxdata\toc7.new.js
whxdata\toc3.js
whxdata\toc3.new.js
whxdata\toc9.js
whxdata\toc9.new.js
whxdata\toc11.js
whxdata\toc11.new.js
whxdata\toc12.js
whxdata\toc12.new.js
whxdata\toc10.js
whxdata\toc10.new.js
whxdata\toc13.js
whxdata\toc13.new.js
whxdata\toc8.js
whxdata\toc8.new.js
whxdata\toc14.js
whxdata\toc14.new.js
whxdata\toc15.js
whxdata\toc15.new.js
whxdata\toc17.js
whxdata\toc17.new.js
whxdata\toc16.js
whxdata\toc16.new.js
whxdata\toc.js
whxdata\toc.new.js
whxdata\idx.js
whxdata\glo.js
whxdata\package_0_xml.js
whxdata\package_1_xml.js
whxdata\package_2_xml.js
whxdata\package_3_xml.js
whxdata\package_4_xml.js
whxdata\package_5_xml.js
whxdata\package_6_xml.js
whxdata\package_7_xml.js
whxdata\packageindex_xml.js
whxdata\synonym.xml
whxdata\synonym_xml.js
whxdata\topictable_0_xml.js
whxdata\topictable_1_xml.js
whxdata\topictableindex_xml.js
whxdata\whfts.xml
whxdata\whfts_xml.js
whxdata\csh.js
whxdata\window.js
projectdata.js
