|SourceProjectName:SmartShip V1.1.1 Shore Side Project.hpr
|DestinationProjectName:index.htm
index_hha.hhk
index.hhc
index.hhk
Access_to_Support.htm
Accessing_Live_Stream_Videos_of_Assets.htm
Accessing_TFOC.htm
Accessing_Vessel_View.htm
Acknowledge_and_Analyze_Alerts_from_Alert_Area.htm
Actions_from_RMD.htm
Actions_from_Voyage_Plan.htm
Add_Alert_Conditions.htm
Alert_Area.htm
Alert_Card.htm
Alert_Conditions.htm
Alert_Management.htm
Alert_Subscription.htm
Alerts_from_Vessel_View.htm
Analyze_Alerts.htm
Apps_from_Vessel_View.htm
Apps_in_Vessel_View.htm
Case_Management.htm
Case_Management_Overview.htm
Case_Notifications.htm
Change_Profile_Settings.htm
Company_Card.htm
Copy_Alert.htm
Create_a_Report.htm
Create_an_Alert.htm
Create_an_RMD.htm
Create_and_Edit_Case.htm
Create_Role.htm
Create_User.htm
Create_Voyage_Plan.htm
Deck___Engine_Report.htm
Deck_and_Engine_Log_Book.htm
Delete_Alert.htm
Delete_Report.htm
Delete_Role.htm
Delete_User.htm
DG_Performance_Report.htm
Diagnostics.htm
Documents.htm
ECA_Alert.htm
ECA_SECA_Summary_Report.htm
Edit_a_Report.htm
Edit_an_Alert.htm
Edit_Role.htm
Edit_User.htm
Export_Alerts.htm
Export_Report.htm
Features_of_SMARTShip_Dashboard.htm
Features_of_TFOC.htm
Getting_Started_with_SMARTShip.htm
Home.htm
How_TFOC_works_.htm
Import_Alerts.htm
Import_and_Export_Alert.htm
Known_Issues_and_Restrictions.htm
List_View_Tab.htm
Login_and_Access.htm
Logout.htm
Map_Area.htm
My_Profile.htm
Noon_Report.htm
Overview.htm
Overview_Tab.htm
QSG_overview.htm
Report_Configuration.htm
Report_Subscription.htm
Report_Types.htm
Reports.htm
Reports_Overview.htm
Reset_Password.htm
RMD_Overview.htm
Role_Management.htm
Role_Mapping.htm
Search.htm
Search_Alerts.htm
Settings.htm
Ship_Assets_View.htm
SmartShip_Dashboard.htm
Subscribe_Reports.htm
Tabs_in_Alert_Area.htm
TFOC.htm
TFOC_3_Hourly_Report.htm
User_Management.htm
Various_features_of_Vessel_View.htm
Various_Tabs_of_a_Subsystem.htm
Various_Tabs_of_Asset_View.htm
Various_Types_of_Map_View.htm
Vessel_Card_Area.htm
Vessel_Report.htm
Vessel_View.htm
View_and_Engage_Case.htm
View_and_Export_Reports.htm
alert_configuration.txt
AlertTemplate.txt
Sample_Alerts.txt
Sample.txt
template\Code\usersettings.js
template\SMARTShipV1\usersettings.js
template\Azure_Blue\usersettings.js
template\AOSSV111\usersettings.js
index.glo
SmartShip_StyleSheet.css
template\Azure_Blue\layout-rtl.css
template\Azure_Blue\layout.css
template\Desktop_Layout_2013-02-03\screen.css
template\Desktop_Social\Layout.css
template\Desktop_Knowledge\Layout.css
template\Desktop_Layout_2013-02-031\screen.css
template\Desktop_Layout_2013-02-032\screen.css
template\Code\layout-rtl.css
template\Code\layout.css
template\AOSSV111\layout-rtl.css
template\AOSSV111\layout.css
Images_Rough\roles_correct.png
Images_Rough\alert_subscription_with_alerts.png
Images_Rough\return_to_alert_card_icon.png
voyage_plan_shoreside_correct.png
Images_Rough\filter_cases.png
Images_Rough\select_import.png
Images_Rough\deck_and_engine_report_selection.png
Images_Rough\MY_favorites.png
Images_Rough\ack_and_submit_inside_analyse.png
Images_Rough\select_RMD.png
Images_Rough\select_UM.png
template\AOSSV111\menu.png
template\AOSSV111\toc_book_closed_mobile.png
Images_Rough\15_minutes.png
Images_Rough\delete_all.png
template\Code\toc_mobile.png
template\Code\next_mobile_active.png
template\Desktop_Layout_2013-02-032\BSNext.png
template\Desktop_Layout_2013-02-032\BSBack.png
template\Desktop_Layout_2013-02-032\Search.png
template\Desktop_Layout_2013-02-032\searchNext.png
template\Desktop_Layout_2013-02-032\SearchBack.png
template\Desktop_Layout_2013-02-032\bullet_Release.png
template\Desktop_Layout_2013-02-031\BSNext.png
template\Desktop_Layout_2013-02-031\BSBack.png
template\Desktop_Layout_2013-02-031\Search.png
template\Desktop_Layout_2013-02-031\searchNext.png
template\Desktop_Layout_2013-02-031\SearchBack.png
template\Desktop_Layout_2013-02-031\bullet_Release.png
template\Desktop_Social\MenuHover.png
template\Desktop_Layout_2013-02-03\BSNext.png
template\Desktop_Layout_2013-02-03\BSBack.png
template\Azure_Blue\social_close_ltr.png
template\Azure_Blue\andsearch_nomark.png
template\Azure_Blue\social_close_rtl.png
template\Azure_Blue\andsearch_mark.png
template\Azure_Blue\filter_clearall.png
drag_drop_sensor.png
password_reset.png
profile_details.png
enlarge_button.PNG
profile_icon.PNG
assign_multiple_roles_to_user.png
user_management_correct.png
edit_profile1.png
create_case_box_from_alert.PNG
Images_Rough\edit_alert_correct.png
Images_Rough\alert_card_CORRECT.png
Images_Rough\navigation_path.png
Images_Rough\save_and_apply.png
Images_Rough\country_display.png
Images_Rough\3_hourly_report_pane.png
Images_Rough\total_fuel_consumption.png
Images_Rough\time_stamp.png
Images_Rough\close_button_in_map_view2.png
Images_Rough\close_button_in_map_view.png
Images_Rough\new_voyage_plan.png
Images_Rough\validate_import_error.png
Images_Rough\generate_report.png
Images_Rough\generate_report_dialog_box.png
Images_Rough\case_notification.png
Images_Rough\report_subscription.png
Images_Rough\disabled_report.png
Images_Rough\company_card.png
template\AOSSV111\smartship.png
template\AOSSV111\slider_ltr.png
template\AOSSV111\slider_rtl.png
template\AOSSV111\search_desktop_active.png
template\AOSSV111\filter_desktop_applied.png
template\AOSSV111\filter_desktop.png
template\AOSSV111\search_tab.png
template\AOSSV111\filter_tab_applied.png
template\AOSSV111\search_mobile_active.png
template\AOSSV111\search_mobile.png
template\AOSSV111\filter_mobile_applied.png
template\AOSSV111\filter_mobile.png
template\AOSSV111\social_open.png
template\AOSSV111\logo.png
template\AOSSV111\loading.gif
template\AOSSV111\search_desktop.png
template\AOSSV111\preview\user-settings.png
Images_Rough\time_interval.png
template\Code\glossary_desktop.png
template\Code\glossary_tab.png
template\Code\glossary_mobile.png
template\Desktop_Layout_2013-02-032\TOCTreeLinkSelected.png
template\Desktop_Layout_2013-02-032\TOCTreeLinkHover.png
template\Desktop_Layout_2013-02-032\TOCTreeOpenBookHoverSelected.png
template\Desktop_Layout_2013-02-031\TOCTreeLinkSelected.png
template\Desktop_Layout_2013-02-031\TOCTreeLinkHover.png
template\Desktop_Layout_2013-02-031\TOCTreeOpenBookHoverSelected.png
template\Desktop_Social\home_default.png
template\Desktop_Social\sidebarsplitter.png
template\Desktop_Layout_2013-02-03\TOCTreeOpenBookHover.png
template\Azure_Blue\back_mobile_ltr.png
template\Azure_Blue\previous_active.png
template\Azure_Blue\next_tab_active.png
template\Azure_Blue\previous_tab_active.png
template\Azure_Blue\previous_tab.png
template\Azure_Blue\back_mobile_rtl.png
template\Azure_Blue\back_mobile_filter.png
template\Azure_Blue\next_mobile_active.png
template\Azure_Blue\next_mobile.png
template\Azure_Blue\previous_mobile.png
sensors_correct.png
green_ball.png
category_multiple_selection.PNG
read_icon.PNG
tfoc_icon.png
Images_Rough\3_hourly_instance.png
Images_Rough\case_conversation.png
Images_Rough\create_rmd_select.png
Images_Rough\navigate_vessel.png
Images_Rough\back_button_from_voyage_listing.png
Images_Rough\voyage_plans_tab.png
Images_Rough\voyage_plans_select.png
Images_Rough\deck_and_engine_instance.png
template\AOSSV111\slider_open_ltr.png
template\AOSSV111\slider_open_rtl.png
template\AOSSV111\filter_mark_radio.png
template\AOSSV111\filter_clearall.png
template\AOSSV111\preview\search-mobile.png
template\AOSSV111\preview\search.png
template\AOSSV111\preview\header.png
Images_Rough\navigation_subcategory.png
Images_Rough\delete_all_select.png
Images_Rough\navigation_systems_tab.png
Images_Rough\overview_tab_subsystem.png
Images_Rough\my_favorites_tab_rough.png
Images_Rough\home_icon_rough_annotation.png
template\Code\search_desktop_active.png
template\Code\search_desktop_navigation.png
template\Code\filter_desktop_applied.png
template\Code\search_tab.png
template\Code\filter_tab_applied.png
template\Code\previous_tab_active.png
template\Code\search_mobile.png
template\Code\filter_mark_radio.png
template\Code\search_desktop.png
template\Desktop_Layout_2013-02-032\TOCTreeCloseBookSelected.png
template\Desktop_Layout_2013-02-032\TOCTreeCloseBookHover.png
template\Desktop_Layout_2013-02-032\TOCTreeCloseBook.png
template\Desktop_Layout_2013-02-031\TOCTreeCloseBookSelected.png
template\Desktop_Layout_2013-02-031\TOCTreeCloseBookHover.png
template\Desktop_Layout_2013-02-031\TOCTreeCloseBook.png
template\Desktop_Knowledge\TOCTreeOpenBookHoverSelected.png
template\Desktop_Knowledge\searchPrevHover.png
template\Azure_Blue\print_desktop.png
template\Azure_Blue\index_desktop.png
template\Azure_Blue\search_mobile_navigation.png
reset_confirm.png
reset_password.png
alert_priority.png
alert_category.png
Images_Rough\alert_subscription.png
Images_Rough\hull_and_cargo_correct.png
Images_Rough\plan_type_drop-down.png
Images_Rough\report_generate_success.png
Images_Rough\vessel_report_generate.png
Images_Rough\my_profile_menu.png
Images_Rough\subscribed_report.png
Images_Rough\vessel_report_listing.png
Images_Rough\vessel_report_instance.png
Images_Rough\vessel_report_selection.png
Images_Rough\engine_room_and_machinery.png
Images_Rough\hull_and_cargo.png
Images_Rough\ack_and_submit.png
Images_Rough\acknowledge.png
Images_Rough\role_management_select.png
Images_Rough\create_new_report.png
template\AOSSV111\toc_link_desktop_ltr.png
template\AOSSV111\glossary_desktop.png
template\AOSSV111\toc_link_desktop_rtl.png
Images_Rough\alert_area_rough.png
template\Desktop_Layout_2013-02-032\Print.png
template\Desktop_Layout_2013-02-032\contentholder_background.png
template\Desktop_Layout_2013-02-031\Print.png
template\Desktop_Layout_2013-02-031\contentholder_background.png
template\Desktop_Layout_2013-02-03\TOCTreeOpenBookHoverSelected.png
template\Azure_Blue\filter_desktop.png
template\Azure_Blue\search_desktop.png
Images_Rough\diagnostics_sensor_pane.png
Images_Rough\engine_room_machinery.png
Images_Rough\return_to_alert_card.png
Images_Rough\list_view_alerts.png
Images_Rough\edit_3_hourly_from_TFOC.png
Images_Rough\eca_area_select.png
Images_Rough\vessel_card_over_marker.png
Images_Rough\voyage_view.png
Images_Rough\TFOC_voyage_plan.png
Images_Rough\voyage_search.png
Images_Rough\voyage_list.png
Images_Rough\dg_generate_report.png
Images_Rough\eca_summary_report.png
Images_Rough\favorite_delete.png
Images_Rough\navigational_equipments.png
Images_Rough\vessel_card_corrected.png
template\AOSSV111\alphaori.png
template\AOSSV111\previous.png
template\AOSSV111\previous_tab_active.png
template\AOSSV111\previous_tab.png
Images_Rough\1_hour_time_interval.png
Images_Rough\RMD_Sensor_listing.png
Images_Rough\Diagnostics__tab.png
Images_Rough\RMD_graph_plot.png
Images_Rough\vessel_card_rough.png
Images_Rough\alert_meter_rough.png
Images_Rough\vessel_card_area_rough.png
Images_Rough\vessel_view_rough.png
template\Code\social_close_ltr.png
template\Code\social_close_rtl.png
template\Code\social_open.png
template\Desktop_Knowledge\TOCTreePageSelected.png
template\Desktop_Knowledge\TOCTreePageHover.png
template\Desktop_Knowledge\searchNextHover.png
template\Desktop_Social\TOCTreeLinkSelected.png
template\Desktop_Layout_2013-02-03\TOCTreeLink.png
template\Desktop_Layout_2013-02-03\TOCTreePage.png
template\Desktop_Layout_2013-02-03\TOCTreeOpenBook.png
template\Azure_Blue\next_active.png
template\Azure_Blue\search_desktop_navigation.png
template\Azure_Blue\filter_desktop_applied.png
template\Azure_Blue\filter_tab_applied.png
template\Azure_Blue\previous_mobile_active.png
template\Azure_Blue\filter_mobile_applied.png
grey_ball.png
vessel_name_drop-down_alert.png
case_category.png
Images_Rough\Dashboard_Rough1.png
Images_Rough\edit_case_box.png
Images_Rough\edit_case.png
Images_Rough\predicted_route.png
Images_Rough\view_icon_voyage.png
Images_Rough\fields_of_voyage_plan.png
Images_Rough\no_active_voyage.png
Images_Rough\enabled_report.png
Images_Rough\export_dialog_box.png
Images_Rough\print_and_download_dg.png
Images_Rough\main_engine.png
Images_Rough\edit_user.png
Images_Rough\alert_category.png
Images_Rough\select_sensors.png
Images_Rough\home_icon_rough.png
template\Desktop_Knowledge\home_default.png
template\Desktop_Social\TOCTreeCloseBookSelected.png
template\Desktop_Social\TOCTreeCloseBookHover.png
alert_subscription_vessel.png
alert_type_drop-down.png
Images_Rough\alert_offline_indicator.png
Images_Rough\favorites.png
Images_Rough\add_more_sensors.png
Images_Rough\add_more_sensors_icon.png
Images_Rough\dg_performance_instance.png
Images_Rough\dg_performance_report.png
Images_Rough\favorite_save.png
template\AOSSV111\smartship-logo.png
template\AOSSV111\glossary_tab.png
template\AOSSV111\preview\filter-mobile.png
template\AOSSV111\preview\filter.png
template\AOSSV111\preview\sidebar-mobile.png
template\AOSSV111\preview\sidebar-tablet.png
Images_Rough\30_minute_interval.png
Images_Rough\view_from_data_selection_box.png
template\Code\toc_link_desktop_ltr.png
template\Code\toc_link_desktop_rtl.png
template\Code\toc_book_closed_desktop.png
template\Code\toc_book_closed_mobile.png
template\Desktop_Layout_2013-02-032\menu_selected.png
template\Desktop_Layout_2013-02-031\menu_selected.png
template\Desktop_Knowledge\TOCTreeOpenBook.png
template\Desktop_Knowledge\TOCTreeOpenBookHover.png
template\Azure_Blue\search_desktop_active.png
template\Azure_Blue\toc_topic_desktop.png
template\Azure_Blue\toc_topic_mobile.png
frequency_daily.png
Images_Rough\eca_report_instance.png
Images_Rough\select_asset_from_vessel_view.png
Images_Rough\sensor_listing_area.png
Images_Rough\favourites_in_RMD.png
Images_Rough\vessel_specific_details.png
Images_Rough\my_profile_icon.png
Images_Rough\reports_notifications.png
Images_Rough\report_listing_dg.png
Images_Rough\asset_view_for_vessel_view_topi.png
Images_Rough\asset_view_magnified_pane.png
Images_Rough\report_configuration.png
template\AOSSV111\filter_tab.png
template\AOSSV111\filter_mark.png
Images_Rough\vessel_details_card.png
template\Desktop_Layout_2013-02-032\header_background.png
template\Desktop_Layout_2013-02-031\header_background.png
template\Azure_Blue\glossary_desktop.png
template\Azure_Blue\glossary_tab.png
template\Azure_Blue\glossary_mobile.png
template\Azure_Blue\toc_book_open_desktop.png
dragdrop_numbers.png
systems_drop-down.png
edit_role.PNG
Images_Rough\cctv_correct.png
Images_Rough\legend_2.png
Images_Rough\legend_1.png
Images_Rough\select_weather_map.png
Images_Rough\active_voyage.png
Images_Rough\asset_subsystem_selection_pane.png
Images_Rough\subsystem_without_overview_tab.png
Images_Rough\report_template_drop-down_template.png
Images_Rough\settings_AS.png
Images_Rough\settings_menu.png
Images_Rough\settings_-_AM.png
Images_Rough\settings_icon.png
template\AOSSV111\top.png
template\AOSSV111\print_desktop.png
template\AOSSV111\search_desktop_navigation.png
template\AOSSV111\index_desktop.png
template\AOSSV111\toc_desktop.png
template\AOSSV111\toc_tab.png
template\AOSSV111\toc_mobile.png
template\AOSSV111\preview\layout-media-queries.png
Images_Rough\login_window.png
template\Code\slider_open_ltr.png
template\Code\slider_ltr.png
template\Code\print_desktop.png
template\Code\slider_open_rtl.png
template\Code\slider_rtl.png
template\Code\filter_desktop.png
template\Code\filter_tab.png
template\Code\toc_tab.png
template\Code\andsearch_nomark.png
template\Code\filter_mobile.png
template\Code\filter_mark.png
template\Code\filter_nomark.png
template\Code\andsearch_mark.png
template\Code\idx_topic.png
template\Code\filter_clearall.png
template\Code\toc_topic_mobile.png
template\Desktop_Social\TOCTreeOpenBookHoverSelected.png
template\Desktop_Layout_2013-02-03\TOCTreeCloseBookSelected.png
template\Desktop_Layout_2013-02-03\TOCTreeCloseBookHover.png
template\Desktop_Layout_2013-02-03\TOCTreeCloseBook.png
template\Azure_Blue\slider_ltr.png
template\Azure_Blue\toc_link_desktop_ltr.png
template\Azure_Blue\toc_link_mobile_ltr.png
template\Azure_Blue\top.png
template\Azure_Blue\next.png
template\Azure_Blue\previous.png
template\Azure_Blue\slider_rtl.png
template\Azure_Blue\toc_desktop.png
template\Azure_Blue\search_tab.png
template\Azure_Blue\filter_tab.png
template\Azure_Blue\index_tab.png
template\Azure_Blue\toc_tab.png
template\Azure_Blue\next_tab.png
template\Azure_Blue\toc_mobile.png
template\Azure_Blue\menu.png
template\Azure_Blue\toc_book_open_mobile.png
template\Azure_Blue\idx_topic.png
template\Azure_Blue\logo.png
template\Azure_Blue\toc_link_desktop_rtl.png
template\Azure_Blue\loading.gif
template\Azure_Blue\toc_link_mobile_rtl.png
template\Azure_Blue\toc_book_closed_mobile.png
multiple_sensors.png
edit_profile_details.png
multiple_systems.PNG
probable_cause.png
RMD.png
Images_Rough\add_rmd.png
Images_Rough\RMD_search.png
Images_Rough\import_alert_configuration_box.png
Images_Rough\add_new_role.png
Images_Rough\add_new_user.png
Images_Rough\edit_report_configuration.png
Images_Rough\RMD_graph.png
template\Code\toc_desktop.png
template\Code\toc_topic_desktop.png
template\Desktop_Layout_2013-02-032\bullet_whatsnew.png
template\Desktop_Layout_2013-02-031\bullet_whatsnew.png
cctv2.png
cctv.png
logout.PNG
delete.png
map.png
ciritical_drop-down.png
system_correct_drop-down.png
filter.PNG
print.PNG
save_eca_configuration.png
next.png
note.png
Images_Rough\alert_online.png
Images_Rough\alert_filter.png
Images_Rough\alert_area_expanded_correct.png
Images_Rough\spreadsheet.png
Images_Rough\create_case.png
Images_Rough\green_ribbon.png
Images_Rough\create_report.png
Images_Rough\vessel_report_download_2.png
Images_Rough\view_instance.png
Images_Rough\view_icon.png
Images_Rough\alert_analyze.png
Images_Rough\alert_in_bold.png
template\AOSSV111\toc_link_mobile_ltr.png
template\AOSSV111\glossary_mobile.png
template\AOSSV111\previous_mobile_active.png
template\AOSSV111\previous_mobile.png
template\AOSSV111\search_mobile_navigation.png
template\AOSSV111\filter_nomark_radio.png
template\AOSSV111\filter_nomark.png
template\AOSSV111\toc_link_mobile_rtl.png
Images_Rough\view_live.png
Images_Rough\list_view_tabs_with_annotations.png
Images_Rough\dashboard_with_annotation_rough.png
template\Desktop_Social\searchNextHover.png
template\Desktop_Social\searchNext.png
template\Desktop_Social\searchPrevHover.png
template\Desktop_Social\searchPrev.png
template\Desktop_Social\BackgroundMenubar.png
template\Azure_Blue\search_mobile_active.png
template\Azure_Blue\search_mobile.png
template\Azure_Blue\filter_mobile.png
template\Azure_Blue\filter_mark_radio.png
template\Azure_Blue\filter_mark.png
vessel_alert_create.png
operator_drag_drop.png
example_for_alerts2.PNG
example_for_alerts.PNG
alert_create_correct.png
role_vessel_select.png
copy_alert_correct.png
cases_from_vessel_view.png
Images_Rough\subscription.png
Images_Rough\cases_date.png
Images_Rough\cases_search.png
Images_Rough\master_ribbon.png
Images_Rough\best_weather.png
Images_Rough\subscribe.png
Images_Rough\cases_window.png
Images_Rough\cases_select.png
Images_Rough\cases_icon.png
Images_Rough\cases.png
template\AOSSV111\back_mobile_ltr.png
template\AOSSV111\andsearch_nomark.png
template\AOSSV111\back_mobile_rtl.png
template\AOSSV111\back_mobile_filter.png
template\AOSSV111\next_mobile_active.png
template\AOSSV111\andsearch_mark.png
template\AOSSV111\toc_topic_desktop.png
template\AOSSV111\toc_topic_mobile.png
template\AOSSV111\preview\glossary.png
Images_Rough\additional_sensor_listing.png
Images_Rough\remove_favorite_from_tab.png
Images_Rough\ship_asset_view_selection.png
template\Code\back_mobile_filter.png
template\Desktop_Layout_2013-02-032\TOCTreePageSelected.png
template\Desktop_Layout_2013-02-032\TOCTreePageHover.png
template\Desktop_Layout_2013-02-031\TOCTreePageSelected.png
template\Desktop_Layout_2013-02-031\TOCTreePageHover.png
template\Desktop_Knowledge\BSNext.png
template\Desktop_Knowledge\BSBack.png
template\Desktop_Knowledge\TOCTreeLinkSelected.png
template\Desktop_Knowledge\TOCTreeLinkHover.png
template\Desktop_Knowledge\Search.png
template\Desktop_Knowledge\searchNext.png
template\Desktop_Knowledge\searchPrev.png
template\Desktop_Knowledge\sidebar_bg.png
template\Desktop_Social\TOCTreeOpenBookHover.png
template\Desktop_Social\RibbonRight.png
template\Desktop_Social\RibbonLeft.png
template\Desktop_Social\RibbonRepeater.png
alert_subscription_management_drop-down.png
vessel_alert_list.png
asset_view_select_rough.png
Images_Rough\confirm_delete_favorite.png
Images_Rough\search_criterias.png
Images_Rough\map_layers_2.png
Images_Rough\map_layers.png
Images_Rough\country_names_icon.png
Images_Rough\3_hourly_view_instance.png
Images_Rough\total_voyage_savings.png
Images_Rough\alert_text_excel_1.png
Images_Rough\reports_select.png
Images_Rough\create_alert_configuration_rough.png
Images_Rough\voyage_route_window.png
Images_Rough\export_output.png
Images_Rough\export_name.png
Images_Rough\export_alerts.png
Images_Rough\reports_menu.png
Images_Rough\reports_icon.png
Images_Rough\ack_acknowledge_number.png
Images_Rough\Apps_menu_vessel_view.png
Images_Rough\vessel_markers.png
template\AOSSV111\social_close_ltr.png
template\AOSSV111\social_close_rtl.png
template\AOSSV111\toc_book_open_desktop.png
template\AOSSV111\toc_book_open_mobile.png
template\AOSSV111\toc_book_open_drildown.png
template\AOSSV111\preview\social.png
template\AOSSV111\preview\toc-mobile.png
template\AOSSV111\preview\toc-desktop.png
template\AOSSV111\preview\content.png
Images_Rough\alert_management.png
Images_Rough\documents_tab.png
Images_Rough\favorites_search_and_sort.png
template\Code\top.png
template\Code\next.png
template\Code\menu.png
template\Code\logo.png
template\Desktop_Knowledge\Print.png
template\Desktop_Knowledge\TOCTreeCloseBook.png
template\Desktop_Knowledge\TOCTreeCloseBookSelected.png
template\Desktop_Knowledge\TOCTreeCloseBookHover.png
template\Desktop_Layout_2013-02-03\contentholder_background.png
template\Azure_Blue\slider_open_ltr.png
template\Azure_Blue\slider_open_rtl.png
template\Azure_Blue\index_mobile.png
template\Azure_Blue\social_open.png
template\Azure_Blue\toc_book_open_drildown.png
edit_user_correct.png
assign_roles_from_same_vessel_error.png
eca_alert_correct.png
Images_Rough\reported_route.png
Images_Rough\download_and_print.png
Images_Rough\download_indicater.png
Images_Rough\acknowledged_alert.png
template\AOSSV111\index_tab.png
template\AOSSV111\index_mobile.png
template\AOSSV111\idx_topic.png
template\AOSSV111\toc_book_closed_desktop.png
template\AOSSV111\preview\index.png
template\AOSSV111\preview\sidebar-desktop.png
Images_Rough\vessel_status_rough.png
Images_Rough\search_field_rough.png
template\Code\previous_active.png
template\Code\previous.png
template\Code\index_desktop.png
template\Code\index_tab.png
template\Code\previous_tab.png
template\Code\index_mobile.png
template\Code\previous_mobile.png
template\Code\loading.gif
template\Desktop_Layout_2013-02-032\TOCTreeOpenBookHover.png
template\Desktop_Layout_2013-02-032\TOCTreeOpenBook.png
template\Desktop_Layout_2013-02-032\searchNextHover.png
template\Desktop_Layout_2013-02-031\TOCTreeOpenBookHover.png
template\Desktop_Layout_2013-02-031\TOCTreeOpenBook.png
template\Desktop_Layout_2013-02-031\searchNextHover.png
template\Desktop_Layout_2013-02-03\TOCTreePageSelected.png
template\Desktop_Layout_2013-02-03\TOCTreePageHover.png
template\Azure_Blue\filter_nomark_radio.png
template\Azure_Blue\filter_nomark.png
reset_icon.png
cases_icon.png
report_configuration_edit_correct.png
white_icon.png
Images_Rough\save_favorite_1.png
Images_Rough\granularity.png
Images_Rough\plan_type.png
Images_Rough\voyage_created.png
Images_Rough\name_and_actions.png
Images_Rough\import_alerts_validate.png
Images_Rough\deck_generated.png
Images_Rough\create_case_from_analyse2.png
Images_Rough\analyse_alert.png
Images_Rough\enabledisable.png
Images_Rough\back_to_listing_area.png
Images_Rough\download_button.png
Images_Rough\create_case_from_analyse.png
Images_Rough\Analyse.png
Images_Rough\chart.png
Images_Rough\ECA_area.png
Images_Rough\weather_view.png
template\AOSSV111\preview\functionbar-mobile.png
template\AOSSV111\preview\functionbar-tablet.png
template\AOSSV111\preview\functionbar-desktop.png
Images_Rough\chat_rough.png
template\Code\search_mobile_active.png
template\Code\filter_mobile_applied.png
template\Code\search_mobile_navigation.png
template\Code\filter_nomark_radio.png
template\Code\toc_book_open_desktop.png
template\Code\toc_book_open_mobile.png
template\Code\toc_book_open_drildown.png
template\Desktop_Layout_2013-02-03\Search.png
template\Desktop_Layout_2013-02-03\menu_selected.png
template\Desktop_Layout_2013-02-03\searchNextHover.png
template\Desktop_Layout_2013-02-03\searchNext.png
template\Desktop_Layout_2013-02-03\SearchBackHover.png
template\Desktop_Layout_2013-02-03\SearchBack.png
role_error_message.png
my_profile.PNG
Images_Rough\3_hourly_download2.png
Images_Rough\3_hourly_download.png
Images_Rough\sync.png
template\AOSSV111\previous_active.png
template\AOSSV111\next_tab_active.png
Images_Rough\navigation_category_of_sensors.png
Images_Rough\vessel_view_with_annotations_rough.png
template\Desktop_Layout_2013-02-032\SearchBackHover.png
template\Desktop_Layout_2013-02-032\bg.png
template\Desktop_Layout_2013-02-031\SearchBackHover.png
template\Desktop_Layout_2013-02-031\bg.png
template\Desktop_Social\Search.png
template\Desktop_Layout_2013-02-03\TOCTreeLinkSelected.png
template\Desktop_Layout_2013-02-03\TOCTreeLinkHover.png
template\Desktop_Layout_2013-02-03\Print.png
template\Desktop_Layout_2013-02-03\bullet_Release.png
template\Desktop_Layout_2013-02-03\bullet_whatsnew.png
template\Desktop_Layout_2013-02-03\header_background.png
template\Desktop_Layout_2013-02-03\bg.png
severity.png
unread_icon.PNG
Images_Rough\group_ungroup.png
voyage_plan_sahore_correct.png
Images_Rough\select_spreadsheet.png
Images_Rough\createedit_voyage.png
Images_Rough\cases_from_vessel_view.png
Images_Rough\tfoc_select.png
Images_Rough\tfoc_icon.png
Images_Rough\vessel_report_generate_message.png
Images_Rough\alert_area_appear2.png
Images_Rough\alert_area_appear.png
Images_Rough\report_configuration_list.png
Images_Rough\back_to_listing_area_icon.png
Images_Rough\hover_over_alert.png
Images_Rough\create_new_alert.png
Images_Rough\RMD.png
template\AOSSV111\next_active.png
template\AOSSV111\next.png
template\AOSSV111\next_tab.png
template\AOSSV111\next_mobile.png
template\Code\back_mobile_ltr.png
template\Code\toc_link_mobile_ltr.png
template\Code\next_active.png
template\Code\next_tab_active.png
template\Code\next_tab.png
template\Code\back_mobile_rtl.png
template\Code\next_mobile.png
template\Code\previous_mobile_active.png
template\Code\toc_link_mobile_rtl.png
template\Desktop_Layout_2013-02-032\TOCTreeLink.png
template\Desktop_Layout_2013-02-032\TOCTreePage.png
template\Desktop_Layout_2013-02-031\TOCTreeLink.png
template\Desktop_Layout_2013-02-031\TOCTreePage.png
template\Desktop_Knowledge\TOCTreeLink.png
template\Desktop_Knowledge\TOCTreePage.png
template\Desktop_Social\TOCTreeLink.png
template\Desktop_Social\TOCTreeLinkHover.png
template\Desktop_Social\TOCTreeOpenBook.png
template\Desktop_Social\TOCTreeCloseBook.png
template\Azure_Blue\toc_book_closed_desktop.png
add_element_before2.png
add_element_before.png
sensor_select_correct.png
delete_correct.png
create_user.png
delete_user.png
assign_vessel_role_2.png
assign_vessel.png
create_role.png
monitor_change_over.png
eca_configuration.png
bullet_icon.png
weekly_frequency.png
vessel_error.png
case_success.png
previous.png
logout_ss.png
RoboHHRE.lng
ehlpdhtm.js
SearchOptions.xml
whxdata\toc1.js
whxdata\toc1.new.js
whxdata\toc3.js
whxdata\toc3.new.js
whxdata\toc5.js
whxdata\toc5.new.js
whxdata\toc6.js
whxdata\toc6.new.js
whxdata\toc4.js
whxdata\toc4.new.js
whxdata\toc7.js
whxdata\toc7.new.js
whxdata\toc2.js
whxdata\toc2.new.js
whxdata\toc8.js
whxdata\toc8.new.js
whxdata\toc10.js
whxdata\toc10.new.js
whxdata\toc9.js
whxdata\toc9.new.js
whxdata\toc11.js
whxdata\toc11.new.js
whxdata\toc12.js
whxdata\toc12.new.js
whxdata\toc14.js
whxdata\toc14.new.js
whxdata\toc13.js
whxdata\toc13.new.js
whxdata\toc15.js
whxdata\toc15.new.js
whxdata\toc17.js
whxdata\toc17.new.js
whxdata\toc18.js
whxdata\toc18.new.js
whxdata\toc19.js
whxdata\toc19.new.js
whxdata\toc20.js
whxdata\toc20.new.js
whxdata\toc16.js
whxdata\toc16.new.js
whxdata\toc.js
whxdata\toc.new.js
ss_btn_related_topics.gif
whxdata\idx.js
whxdata\gdata1.js
whxdata\glo.js
whxdata\package_0_xml.js
whxdata\package_1_xml.js
whxdata\package_2_xml.js
whxdata\package_3_xml.js
whxdata\package_4_xml.js
whxdata\package_5_xml.js
whxdata\package_6_xml.js
whxdata\package_7_xml.js
whxdata\package_8_xml.js
whxdata\package_9_xml.js
whxdata\package_10_xml.js
whxdata\package_11_xml.js
whxdata\package_12_xml.js
whxdata\package_13_xml.js
whxdata\package_14_xml.js
whxdata\package_15_xml.js
whxdata\package_16_xml.js
whxdata\package_17_xml.js
whxdata\package_18_xml.js
whxdata\package_19_xml.js
whxdata\package_20_xml.js
whxdata\package_21_xml.js
whxdata\package_22_xml.js
whxdata\package_23_xml.js
whxdata\package_24_xml.js
whxdata\package_25_xml.js
whxdata\package_26_xml.js
whxdata\packageindex_xml.js
whxdata\synonym.xml
whxdata\synonym_xml.js
whxdata\topictable_0_xml.js
whxdata\topictable_1_xml.js
whxdata\topictableindex_xml.js
whxdata\whfts.xml
whxdata\whfts_xml.js
whxdata\csh.js
whxdata\window.js
projectdata.js
