|SourceProjectName:SMARTShip Ship Side Output.hpr
|DestinationProjectName:index.htm
index_hha.hhk
index.hhc
index.hhk
Access_to_Support.htm
Accessing_Live_Stream_Videos_of_Assets.htm
Accessing_Vessel_View.htm
Acknowledge_and_Analyze_Alerts_from_Alert_Area.htm
Add_Alert_Conditions.htm
Alert_Area.htm
Alert_Card.htm
Alert_Conditions.htm
Alert_Management.htm
Alert_Subscription.htm
Alerts_from_Vessel_View.htm
Analyze_Alerts.htm
Apps_from_Vessel_View.htm
Apps_in_Vessel_View.htm
Case_Management.htm
Case_Management_Overview.htm
Case_Notifications.htm
Change_Profile_Settings.htm
Company_Card.htm
Copy_Alert.htm
Create_a_Report.htm
Create_an_Alert.htm
Create_an_RMD.htm
Create_and_Edit_Case.htm
Create_Role.htm
Create_User.htm
Deck___Engine_Report.htm
Deck_and_Engine_Log_Book.htm
Delete_Alert.htm
Delete_Report.htm
Delete_Role.htm
Delete_User.htm
ECA_Alert.htm
ECA_SECA_Summary_Report.htm
Edit_a_Report.htm
Edit_an_Alert.htm
Edit_Role.htm
Edit_User.htm
Export_Report.htm
Features_of_SMARTShip_Dashboard.htm
Getting_Started_with_SMARTShip.htm
Home.htm
Live_Stream_of_Assets.htm
Login_and_Access.htm
Logout.htm
Map_Area.htm
My_Profile.htm
Noon_Report.htm
Overview.htm
QSG_overview.htm
Report_Configuration.htm
Report_Subscription.htm
Report_Types.htm
Reports.htm
Reports_Overview.htm
Reset_Password.htm
RMD_Overview.htm
Role_Management.htm
Role_Mapping.htm
Search.htm
Search_Alerts.htm
Settings.htm
SmartShip_Dashboard.htm
Subscribe_Reports.htm
Tabs_in_Alert_Area.htm
User_Management.htm
Various_features_of_Vessel_View.htm
Various_Types_of_Map_View.htm
Vessel_Card.htm
Vessel_Card_Area.htm
Vessel_Report.htm
Vessel_View.htm
View_and_Engage_Case.htm
View_and_Export_Reports.htm
template\Azure_Blue\usersettings.js
template\SMARTShipV1\usersettings.js
template\Code\usersettings.js
index.glo
SmartShip_StyleSheet.css
template\Azure_Blue\layout-rtl.css
template\Azure_Blue\layout.css
template\Desktop_Layout_2013-02-03\screen.css
template\Desktop_Social\Layout.css
template\Desktop_Social1\Layout.css
template\Desktop_Social2\Layout.css
template\Desktop_Knowledge\Layout.css
template\Desktop_Layout_2013-02-031\screen.css
template\Desktop_Layout_2013-02-032\screen.css
template\SMART\Layout.css
template\SMARTShipV1\layout-rtl.css
template\SMARTShipV1\layout.css
template\Code\layout-rtl.css
template\Code\layout.css
alert_management.png
report_configuration_select.png
vessel_view_corrected.png
template\Code\toc_link_mobile_ltr.png
template\Code\glossary_mobile.png
template\Code\filter_mark_radio.png
template\Code\filter_nomark_radio.png
template\Code\filter_nomark.png
template\Code\toc_link_mobile_rtl.png
template\SMARTShipV1\toc_book_open_desktop.png
template\SMARTShipV1\toc_book_open_drildown.png
template\SMARTShipV1\toc_topic_desktop.png
template\SMARTShipV1\loading.gif
template\SMART\Print.png
template\Desktop_Layout_2013-02-032\TOCTreeOpenBookHover.png
template\Desktop_Layout_2013-02-032\TOCTreeOpenBook.png
template\Desktop_Layout_2013-02-032\TOCTreeCloseBook.png
template\Desktop_Layout_2013-02-031\TOCTreeOpenBookHover.png
template\Desktop_Layout_2013-02-031\TOCTreeOpenBook.png
template\Desktop_Layout_2013-02-031\TOCTreeCloseBook.png
template\Desktop_Social2\searchNext.png
template\Desktop_Social1\searchNext.png
template\Desktop_Social\Print.png
template\Desktop_Layout_2013-02-03\bullet_whatsnew.png
template\Azure_Blue\toc_tab.png
template\Azure_Blue\toc_topic_desktop.png
template\Azure_Blue\loading.gif
add_element_before.png
edit_profile_details.png
example_for_alerts2.PNG
search_corrected.png
role_management_correct.png
tick_mark.PNG
alert_type_drop-down.png
settings.png
Images\edit_alert.png
template\Code\search_desktop_active.png
template\Code\search_mobile_active.png
template\Code\toc_book_closed_desktop.png
template\SMARTShipV1\print_desktop.png
template\SMARTShipV1\next_active.png
template\SMARTShipV1\toc_tab.png
template\SMARTShipV1\search_mobile.png
template\SMARTShipV1\next_mobile.png
template\SMARTShipV1\filter_mark_radio.png
template\SMART\TOCTreeOpenBook.png
template\Desktop_Layout_2013-02-032\TOCTreeLinkSelected.png
template\Desktop_Layout_2013-02-032\TOCTreePageSelected.png
template\Desktop_Layout_2013-02-032\TOCTreeOpenBookHoverSelected.png
template\Desktop_Layout_2013-02-031\TOCTreeLinkSelected.png
template\Desktop_Layout_2013-02-031\TOCTreePageSelected.png
template\Desktop_Layout_2013-02-031\TOCTreeOpenBookHoverSelected.png
template\Azure_Blue\filter_tab_applied.png
template\Azure_Blue\filter_mobile.png
sensor_select_correct.png
unread_icon.PNG
my_fleets.png
analyse_alert.png
assign_roles_from_same_vessel_error.png
assign_vessel.png
monitor_change_over.png
edit_case_pop-up_box.PNG
severity.png
create_case_box_from_alert.PNG
Images\vessel_card.png
template\Code\search_mobile_navigation.png
template\SMARTShipV1\search_mobile_active.png
template\SMARTShipV1\filter_mobile_applied.png
template\SMART\TOCTreeLink.png
template\SMART\sidebar_bg.png
template\Desktop_Social2\TOCTreeCloseBookSelected.png
template\Desktop_Social1\TOCTreeCloseBookSelected.png
template\Desktop_Social\TOCTreeOpenBookHoverSelected.png
template\Azure_Blue\search_tab.png
template\Azure_Blue\toc_book_closed_mobile.png
ack_alert_4.png
reset_password.png
air_compressor.png
bullet_icon.png
alert_area.png
alert_dials.png
template\Code\filter_desktop.png
template\Code\previous_tab_active.png
template\Code\toc_mobile.png
template\Code\search_desktop.png
template\SMARTShipV1\glossary_mobile.png
template\SMARTShipV1\index_mobile.png
template\SMARTShipV1\filter_nomark.png
template\SMARTShipV1\filter_clearall.png
template\SMARTShipV1\toc_link_desktop_rtl.png
template\SMARTShipV1\search_desktop.png
template\SMART\TOCTreeOpenBookHoverSelected.png
template\Desktop_Layout_2013-02-032\BSBack.png
template\Desktop_Layout_2013-02-032\Search.png
template\Desktop_Layout_2013-02-032\searchNextHover.png
template\Desktop_Layout_2013-02-032\searchNext.png
template\Desktop_Layout_2013-02-032\SearchBackHover.png
template\Desktop_Layout_2013-02-032\SearchBack.png
template\Desktop_Layout_2013-02-031\BSBack.png
template\Desktop_Layout_2013-02-031\Search.png
template\Desktop_Layout_2013-02-031\searchNextHover.png
template\Desktop_Layout_2013-02-031\searchNext.png
template\Desktop_Layout_2013-02-031\SearchBackHover.png
template\Desktop_Layout_2013-02-031\SearchBack.png
template\Desktop_Knowledge\TOCTreeCloseBookSelected.png
template\Desktop_Knowledge\home_default.png
template\Desktop_Social\TOCTreeOpenBookHover.png
template\Desktop_Social\RibbonRight.png
template\Desktop_Social\sidebarsplitter.png
template\Desktop_Layout_2013-02-03\header_background.png
template\Azure_Blue\previous_active.png
template\Azure_Blue\search_desktop_navigation.png
template\Azure_Blue\filter_mark.png
ack_alert_5.png
profile_details.png
report_subscription_window.png
report_subscription_access.png
vessel_report_details.png
vessel_carousel.png
user_management_correct.png
print.PNG
alert_category.png
case_search.PNG
vessel_name_drop-down_alert.png
SMARTShip_login.png
RMD_new.png
template\Code\toc_book_open_mobile.png
template\SMART\TOCTreeOpenBookHover.png
template\Desktop_Knowledge\TOCTreeLinkHover.png
template\Desktop_Knowledge\TOCTreePageHover.png
template\Desktop_Knowledge\searchNextHover.png
template\Desktop_Knowledge\searchPrevHover.png
template\Desktop_Social2\BSNext.png
template\Desktop_Social2\BSBack.png
template\Desktop_Social2\Search.png
template\Desktop_Social1\BSNext.png
template\Desktop_Social1\BSBack.png
template\Desktop_Social1\Search.png
template\Desktop_Social\TOCTreeCloseBookHover.png
template\Desktop_Layout_2013-02-03\Print.png
template\Azure_Blue\index_mobile.png
ack_alert_2.png
sensors_correct.png
logout.PNG
cases_from_vessel_view.png
template\Code\previous.png
template\Code\filter_desktop_applied.png
template\Code\glossary_desktop.png
template\Code\next_tab.png
template\Code\next_mobile_active.png
template\Code\idx_topic.png
template\SMARTShipV1\toc_link_desktop_ltr.png
template\SMARTShipV1\toc_link_mobile_ltr.png
template\SMARTShipV1\glossary_tab.png
template\SMARTShipV1\previous_tab_active.png
template\SMARTShipV1\previous_tab.png
template\SMARTShipV1\toc_link_mobile_rtl.png
template\SMART\searchPrevHover.png
template\SMART\searchPrev.png
template\Desktop_Knowledge\Print.png
template\Azure_Blue\slider_ltr.png
template\Azure_Blue\slider_rtl.png
template\Azure_Blue\search_mobile_active.png
template\Azure_Blue\idx_topic.png
template\Azure_Blue\logo.png
ack_alert_3.png
password_reset.png
alert_area_expanded_correct.png
create_user.png
unhide_my_fleets.png
no_history_found.png
create_role.png
Deck_and_Engine.png
settings_icon.png
edit_caser.PNG
white_icon.png
star.png
template\Code\index_tab.png
template\Code\index_mobile.png
template\Code\toc_book_open_desktop.png
template\Code\filter_clearall.png
template\SMARTShipV1\search_desktop_navigation.png
template\SMARTShipV1\toc_mobile.png
template\Desktop_Knowledge\searchNext.png
template\Desktop_Knowledge\searchPrev.png
template\Desktop_Social2\TOCTreeLinkSelected.png
template\Desktop_Social2\TOCTreePageSelected.png
template\Desktop_Social2\TOCTreeOpenBook.png
template\Desktop_Social1\TOCTreeLinkSelected.png
template\Desktop_Social1\TOCTreePageSelected.png
template\Desktop_Social1\TOCTreeOpenBook.png
template\Desktop_Social\TOCTreeCloseBookSelected.png
template\Azure_Blue\social_close_ltr.png
template\Azure_Blue\glossary_desktop.png
template\Azure_Blue\next_tab_active.png
template\Azure_Blue\next_tab.png
template\Azure_Blue\social_close_rtl.png
template\Azure_Blue\search_desktop.png
alert_subscription_vessel.png
edit_user_correct.png
multiple_systems.PNG
RMD_correct.png
sensor_select.png
role_vessel_select.png
alert_management_window.png
home_corrected.png
Images\search_ship_side.png
template\Code\social_close_ltr.png
template\Code\search_tab.png
template\Code\filter_tab.png
template\Code\toc_tab.png
template\Code\andsearch_nomark.png
template\Code\back_mobile_filter.png
template\Code\social_close_rtl.png
template\Code\social_open.png
template\Code\filter_mark.png
template\SMARTShipV1\previous_active.png
template\SMART\BSNext.png
template\SMART\BSBack.png
template\SMART\TOCTreePage.png
template\SMART\Search.png
template\Desktop_Social2\TOCTreeLink.png
template\Desktop_Social2\TOCTreePage.png
template\Desktop_Social2\TOCTreeOpenBookHoverSelected.png
template\Desktop_Social2\MenuHover.png
template\Desktop_Social2\RibbonRepeater.png
template\Desktop_Social1\TOCTreeLink.png
template\Desktop_Social1\TOCTreePage.png
template\Desktop_Social1\TOCTreeOpenBookHoverSelected.png
template\Desktop_Social1\MenuHover.png
template\Desktop_Social1\RibbonRepeater.png
template\Desktop_Social\MenuHover.png
template\Desktop_Social\searchNext.png
template\Desktop_Social\RibbonLeft.png
template\Desktop_Layout_2013-02-03\TOCTreeOpenBookHoverSelected.png
template\Desktop_Layout_2013-02-03\bullet_Release.png
template\Azure_Blue\print_desktop.png
template\Azure_Blue\search_desktop_active.png
template\Azure_Blue\filter_desktop_applied.png
template\Azure_Blue\previous_tab_active.png
enlargw.png
grey_ball.png
subscription.png
case_priority.png
vessel_error.png
Apps.PNG
RMD_Select.png
engine_room.png
alert_dial_expand.png
Images\dashboard_select.png
template\Code\print_desktop.png
template\Code\index_desktop.png
template\SMARTShipV1\alphaori.png
template\SMARTShipV1\search_desktop_active.png
template\SMARTShipV1\filter_desktop_applied.png
template\SMARTShipV1\next_tab.png
template\SMARTShipV1\back_mobile_filter.png
template\SMARTShipV1\next_mobile_active.png
template\SMARTShipV1\toc_topic_mobile.png
template\SMART\home_default.png
template\Desktop_Layout_2013-02-032\TOCTreeLinkHover.png
template\Desktop_Layout_2013-02-032\TOCTreePageHover.png
template\Desktop_Layout_2013-02-032\bg.png
template\Desktop_Layout_2013-02-031\TOCTreeLinkHover.png
template\Desktop_Layout_2013-02-031\TOCTreePageHover.png
template\Desktop_Layout_2013-02-031\bg.png
template\Desktop_Social2\TOCTreeLinkHover.png
template\Desktop_Social2\TOCTreePageHover.png
template\Desktop_Social1\TOCTreeLinkHover.png
template\Desktop_Social1\TOCTreePageHover.png
template\Desktop_Social\home_default.png
template\Desktop_Social\BackgroundMenubar.png
template\Desktop_Layout_2013-02-03\searchNextHover.png
template\Desktop_Layout_2013-02-03\SearchBackHover.png
template\Azure_Blue\next.png
template\Azure_Blue\filter_desktop.png
template\Azure_Blue\glossary_tab.png
template\Azure_Blue\glossary_mobile.png
template\Azure_Blue\toc_book_open_mobile.png
template\Azure_Blue\andsearch_mark.png
operator_drag_drop.png
list_view.PNG
ECA_instance.PNG
assign_vessel_role_2.png
air_cooler.png
edit_role.PNG
ack_acknowledge.png
cases_area_corrected.png
template\Code\toc_link_desktop_ltr.png
template\Code\filter_tab_applied.png
template\Code\toc_book_open_drildown.png
template\Code\loading.gif
template\SMARTShipV1\back_mobile_ltr.png
template\SMARTShipV1\next.png
template\SMARTShipV1\glossary_desktop.png
template\SMARTShipV1\index_tab.png
template\SMARTShipV1\back_mobile_rtl.png
template\SMARTShipV1\menu.png
template\SMARTShipV1\idx_topic.png
template\SMART\TOCTreeCloseBookHover.png
template\SMART\searchNext.png
template\Desktop_Layout_2013-02-032\BSNext.png
template\Desktop_Layout_2013-02-032\TOCTreeCloseBookSelected.png
template\Desktop_Layout_2013-02-031\BSNext.png
template\Desktop_Layout_2013-02-031\TOCTreeCloseBookSelected.png
template\Desktop_Knowledge\TOCTreeCloseBookHover.png
template\Desktop_Social2\Print.png
template\Desktop_Social2\searchPrev.png
template\Desktop_Social1\Print.png
template\Desktop_Social1\searchPrev.png
template\Desktop_Social\BSNext.png
template\Desktop_Social\BSBack.png
template\Desktop_Social\TOCTreePage.png
template\Desktop_Social\Search.png
template\Desktop_Layout_2013-02-03\TOCTreeLinkSelected.png
template\Desktop_Layout_2013-02-03\TOCTreeLinkHover.png
template\Desktop_Layout_2013-02-03\TOCTreePageSelected.png
template\Desktop_Layout_2013-02-03\TOCTreePageHover.png
template\Desktop_Layout_2013-02-03\TOCTreeCloseBookSelected.png
template\Azure_Blue\next_active.png
template\Azure_Blue\next_mobile.png
add_element_before2.png
multiple_sensors.png
delete_correct.png
profile_icon.PNG
role_error_message.png
RMD_Subsystems.png
RMD_Systems.png
systems_drop-down.png
report_template_drop-down.png
create_report_correct.png
Images\show_less.png
Images\show_more.png
Images\CCTV3.png
Images\CCTV2.png
Images\CCTV.png
Images\report_configuration_window.png
template\Code\back_mobile_ltr.png
template\Code\top.png
template\Code\next.png
template\Code\search_desktop_navigation.png
template\Code\next_tab_active.png
template\Code\back_mobile_rtl.png
template\Code\menu.png
template\Code\logo.png
template\Code\toc_book_closed_mobile.png
template\SMARTShipV1\smartship.png
template\SMARTShipV1\filter_desktop.png
template\SMARTShipV1\filter_mark.png
template\Desktop_Knowledge\BSNext.png
template\Desktop_Social2\sidebarsplitter.png
template\Desktop_Social1\sidebarsplitter.png
template\Desktop_Social\TOCTreeLinkSelected.png
template\Desktop_Social\TOCTreePageSelected.png
template\Desktop_Social\RibbonRepeater.png
template\Desktop_Layout_2013-02-03\Search.png
template\Desktop_Layout_2013-02-03\searchNext.png
template\Desktop_Layout_2013-02-03\SearchBack.png
template\Azure_Blue\index_desktop.png
template\Azure_Blue\andsearch_nomark.png
template\Azure_Blue\toc_mobile.png
template\Azure_Blue\search_mobile_navigation.png
template\Azure_Blue\filter_nomark.png
template\Azure_Blue\filter_clearall.png
alert_subscription_management_drop-down.png
ciritical_drop-down.png
history.PNG
nav_panel.png
eca_alert_correct.png
logout_ss.png
Images\create_alert.png
template\Code\slider_ltr.png
template\Code\previous_active.png
template\Code\slider_rtl.png
template\Code\toc_desktop.png
template\Code\previous_mobile.png
template\SMARTShipV1\slider_ltr.png
template\SMARTShipV1\social_close_ltr.png
template\SMARTShipV1\slider_rtl.png
template\SMARTShipV1\search_tab.png
template\SMARTShipV1\filter_tab.png
template\SMARTShipV1\social_close_rtl.png
template\SMARTShipV1\toc_book_open_mobile.png
template\SMARTShipV1\andsearch_mark.png
template\SMART\TOCTreeCloseBookSelected.png
template\Desktop_Layout_2013-02-032\bullet_Release.png
template\Desktop_Layout_2013-02-032\bullet_whatsnew.png
template\Desktop_Layout_2013-02-031\bullet_Release.png
template\Desktop_Layout_2013-02-031\bullet_whatsnew.png
template\Desktop_Knowledge\TOCTreeOpenBook.png
template\Desktop_Knowledge\TOCTreeCloseBook.png
template\Desktop_Social2\home_default.png
template\Desktop_Social2\RibbonRight.png
template\Desktop_Social2\BackgroundMenubar.png
template\Desktop_Social1\home_default.png
template\Desktop_Social1\RibbonRight.png
template\Desktop_Social1\BackgroundMenubar.png
template\Desktop_Social\searchPrev.png
template\Desktop_Layout_2013-02-03\BSBack.png
template\Desktop_Layout_2013-02-03\TOCTreeOpenBookHover.png
template\Desktop_Layout_2013-02-03\TOCTreeOpenBook.png
template\Azure_Blue\toc_link_mobile_ltr.png
template\Azure_Blue\toc_desktop.png
template\Azure_Blue\index_tab.png
template\Azure_Blue\filter_mobile_applied.png
template\Azure_Blue\social_open.png
template\Azure_Blue\filter_nomark_radio.png
template\Azure_Blue\toc_book_closed_desktop.png
template\Azure_Blue\toc_link_mobile_rtl.png
vessell_report.png
arrow_button.png
dashboard_corrected_with_markers.png
assign_multiple_roles_to_user.png
save_and_apply.png
case_conversation.png
copy_alert_correct.png
company_card.png
cases_select.png
Images\vessel_alert.png
template\Code\toc_topic_desktop.png
template\SMARTShipV1\toc_desktop.png
template\SMARTShipV1\filter_tab_applied.png
template\SMARTShipV1\next_tab_active.png
template\SMARTShipV1\andsearch_nomark.png
template\SMARTShipV1\previous_mobile.png
template\SMARTShipV1\filter_mobile.png
template\Desktop_Knowledge\TOCTreeLink.png
template\Desktop_Knowledge\TOCTreePage.png
template\Desktop_Knowledge\sidebar_bg.png
template\Azure_Blue\filter_tab.png
template\Azure_Blue\toc_book_open_drildown.png
alert_subscription.png
CAROUSEL.png
analyze.png
filter.PNG
subscription_correct.png
frequency_daily.png
report_configuration_edit_correct.png
weather_view.PNG
my_fleets_view.PNG
next.png
alert_subscription_window.png
navigational_system_-_correct.png
template\Code\andsearch_mark.png
template\SMARTShipV1\smartship-logo.png
template\SMARTShipV1\previous.png
template\SMARTShipV1\index_desktop.png
template\SMARTShipV1\filter_nomark_radio.png
template\SMARTShipV1\toc_book_closed_desktop.png
template\Desktop_Layout_2013-02-032\TOCTreeCloseBookHover.png
template\Desktop_Layout_2013-02-032\header_background.png
template\Desktop_Layout_2013-02-031\TOCTreeCloseBookHover.png
template\Desktop_Layout_2013-02-031\header_background.png
template\Desktop_Knowledge\TOCTreeOpenBookHoverSelected.png
template\Desktop_Social2\TOCTreeOpenBookHover.png
template\Desktop_Social1\TOCTreeOpenBookHover.png
template\Azure_Blue\slider_open_ltr.png
template\Azure_Blue\back_mobile_ltr.png
template\Azure_Blue\slider_open_rtl.png
template\Azure_Blue\previous_tab.png
template\Azure_Blue\back_mobile_rtl.png
template\Azure_Blue\previous_mobile_active.png
template\Azure_Blue\previous_mobile.png
template\Azure_Blue\menu.png
template\Azure_Blue\toc_book_open_desktop.png
dragdrop_numbers.png
ECA_report_correct.png
role_management_access.png
delete_report.png
reset_confirm.png
case_success.png
case_category.png
my_profile.PNG
cases_icon.png
assets.PNG
template\Code\slider_open_ltr.png
template\Code\slider_open_rtl.png
template\Code\glossary_tab.png
template\Code\previous_tab.png
template\Code\previous_mobile_active.png
template\SMART\TOCTreeLinkSelected.png
template\SMART\TOCTreePageSelected.png
template\Desktop_Layout_2013-02-032\Print.png
template\Desktop_Layout_2013-02-031\Print.png
template\Desktop_Knowledge\TOCTreeLinkSelected.png
template\Desktop_Knowledge\TOCTreePageSelected.png
template\Desktop_Social2\TOCTreeCloseBook.png
template\Desktop_Social2\TOCTreeCloseBookHover.png
template\Desktop_Social1\TOCTreeCloseBook.png
template\Desktop_Social1\TOCTreeCloseBookHover.png
template\Desktop_Social\TOCTreeOpenBook.png
template\Desktop_Social\searchNextHover.png
template\Desktop_Social\searchPrevHover.png
template\Desktop_Layout_2013-02-03\BSNext.png
template\Desktop_Layout_2013-02-03\TOCTreeLink.png
template\Desktop_Layout_2013-02-03\TOCTreePage.png
template\Desktop_Layout_2013-02-03\menu_selected.png
read_icon.PNG
green_ball.png
delete_user.png
delete.png
reset_icon.png
alert_priority.png
home.png
case_filter.PNG
eca_alert_corrected.png
case_alert.png
note.png
reports_pointers.png
hull_and_cargo_corrected.png
template\Code\next_active.png
template\Code\next_mobile.png
template\Code\filter_mobile_applied.png
template\Code\toc_link_desktop_rtl.png
template\Code\toc_topic_mobile.png
template\SMARTShipV1\slider_open_ltr.png
template\SMARTShipV1\slider_open_rtl.png
template\SMARTShipV1\previous_mobile_active.png
template\SMARTShipV1\search_mobile_navigation.png
template\SMARTShipV1\social_open.png
template\SMARTShipV1\toc_book_closed_mobile.png
template\Desktop_Layout_2013-02-032\contentholder_background.png
template\Desktop_Layout_2013-02-031\contentholder_background.png
template\Desktop_Knowledge\TOCTreeOpenBookHover.png
template\Desktop_Social2\RibbonLeft.png
template\Desktop_Social1\RibbonLeft.png
template\Desktop_Social\TOCTreeLink.png
template\Desktop_Social\TOCTreeLinkHover.png
template\Desktop_Social\TOCTreePageHover.png
template\Desktop_Social\TOCTreeCloseBook.png
template\Desktop_Layout_2013-02-03\TOCTreeCloseBookHover.png
template\Desktop_Layout_2013-02-03\TOCTreeCloseBook.png
template\Desktop_Layout_2013-02-03\contentholder_background.png
template\Azure_Blue\toc_link_desktop_ltr.png
template\Azure_Blue\search_mobile.png
template\Azure_Blue\toc_link_desktop_rtl.png
drag_drop_sensor.png
report_delete_success.png
category_multiple_selection.PNG
system_correct_drop-down.png
apps_engine_room.png
deck_and_engine_details.png
eca_configuration.png
weekly_frequency.png
apps_menu_shipside.png
vessel_view_with_annotations.png
template\Code\search_mobile.png
template\Code\filter_mobile.png
template\SMARTShipV1\top.png
template\SMARTShipV1\logo.png
template\SMART\TOCTreeLinkHover.png
template\SMART\TOCTreePageHover.png
template\SMART\TOCTreeCloseBook.png
template\SMART\searchNextHover.png
template\Desktop_Layout_2013-02-032\TOCTreeLink.png
template\Desktop_Layout_2013-02-032\TOCTreePage.png
template\Desktop_Layout_2013-02-032\menu_selected.png
template\Desktop_Layout_2013-02-031\TOCTreeLink.png
template\Desktop_Layout_2013-02-031\TOCTreePage.png
template\Desktop_Layout_2013-02-031\menu_selected.png
template\Desktop_Knowledge\BSBack.png
template\Desktop_Knowledge\Search.png
template\Desktop_Social2\searchNextHover.png
template\Desktop_Social2\searchPrevHover.png
template\Desktop_Social1\searchNextHover.png
template\Desktop_Social1\searchPrevHover.png
template\Desktop_Layout_2013-02-03\bg.png
template\Azure_Blue\top.png
template\Azure_Blue\previous.png
template\Azure_Blue\back_mobile_filter.png
template\Azure_Blue\next_mobile_active.png
template\Azure_Blue\filter_mark_radio.png
template\Azure_Blue\toc_topic_mobile.png
map.png
add.png
probable_cause.png
save_eca_configuration.png
edit_profile1.png
create_case_button.PNG
previous.png
RoboHHRE.lng
ehlpdhtm.js
SearchOptions.xml
whxdata\toc1.js
whxdata\toc1.new.js
whxdata\toc3.js
whxdata\toc3.new.js
whxdata\toc4.js
whxdata\toc4.new.js
whxdata\toc2.js
whxdata\toc2.new.js
whxdata\toc6.js
whxdata\toc6.new.js
whxdata\toc5.js
whxdata\toc5.new.js
whxdata\toc7.js
whxdata\toc7.new.js
whxdata\toc9.js
whxdata\toc9.new.js
whxdata\toc8.js
whxdata\toc8.new.js
whxdata\toc10.js
whxdata\toc10.new.js
whxdata\toc12.js
whxdata\toc12.new.js
whxdata\toc13.js
whxdata\toc13.new.js
whxdata\toc11.js
whxdata\toc11.new.js
whxdata\toc.js
whxdata\toc.new.js
whxdata\idx.js
whxdata\gdata1.js
whxdata\glo.js
whxdata\package_0_xml.js
whxdata\package_1_xml.js
whxdata\package_2_xml.js
whxdata\package_3_xml.js
whxdata\package_4_xml.js
whxdata\package_5_xml.js
whxdata\package_6_xml.js
whxdata\package_7_xml.js
whxdata\package_8_xml.js
whxdata\package_9_xml.js
whxdata\packageindex_xml.js
whxdata\synonym.xml
whxdata\synonym_xml.js
whxdata\topictable_0_xml.js
whxdata\topictable_1_xml.js
whxdata\topictableindex_xml.js
whxdata\whfts.xml
whxdata\whfts_xml.js
whxdata\csh.js
whxdata\window.js
projectdata.js
